0 info it worked if it ends with ok
1 verbose cli [ 'C:\\Program Files\\nodejs\\node.exe',
1 verbose cli   'C:\\Program Files\\nodejs\\node_modules\\npm\\bin\\npm-cli.js',
1 verbose cli   'publish' ]
2 info using npm@2.14.12
3 info using node@v4.2.6
4 verbose publish [ '.' ]
5 silly cache add args [ '.', null ]
6 verbose cache add spec .
7 silly cache add parsed spec Result {
7 silly cache add   raw: '.',
7 silly cache add   scope: null,
7 silly cache add   name: null,
7 silly cache add   rawSpec: '.',
7 silly cache add   spec: 'D:\\Node Workspace\\pretty-email-validator',
7 silly cache add   type: 'directory' }
8 verbose addLocalDirectory C:\Users\MAVEN D-4\AppData\Roaming\npm-cache\pretty-email-validator\1.0.0\package.tgz not in flight; packing
9 verbose tar pack [ 'C:\\Users\\MAVEN D-4\\AppData\\Roaming\\npm-cache\\pretty-email-validator\\1.0.0\\package.tgz',
9 verbose tar pack   'D:\\Node Workspace\\pretty-email-validator' ]
10 verbose tarball C:\Users\MAVEN D-4\AppData\Roaming\npm-cache\pretty-email-validator\1.0.0\package.tgz
11 verbose folder D:\Node Workspace\pretty-email-validator
12 info prepublish pretty-email-validator@1.0.0
13 verbose addLocalTarball adding from inside cache C:\Users\MAVEN D-4\AppData\Roaming\npm-cache\pretty-email-validator\1.0.0\package.tgz
14 silly cache afterAdd pretty-email-validator@1.0.0
15 verbose afterAdd C:\Users\MAVEN D-4\AppData\Roaming\npm-cache\pretty-email-validator\1.0.0\package\package.json not in flight; writing
16 verbose afterAdd C:\Users\MAVEN D-4\AppData\Roaming\npm-cache\pretty-email-validator\1.0.0\package\package.json written
17 silly publish { name: 'pretty-email-validator',
17 silly publish   version: '1.0.0',
17 silly publish   description: 'Pretty validation for emails',
17 silly publish   license: 'MIT',
17 silly publish   repository:
17 silly publish    { type: 'git',
17 silly publish      url: 'git+https://github.com/amitmerchant1990/pretty-email-validator.git' },
17 silly publish   author:
17 silly publish    { name: 'Amit Merchant',
17 silly publish      email: 'bullredeyes@gmail.com',
17 silly publish      url: 'http://www.amitmerchant.com' },
17 silly publish   files: [ 'index.js' ],
17 silly publish   keywords:
17 silly publish    [ 'std',
17 silly publish      'stdin',
17 silly publish      'stdio',
17 silly publish      'concat',
17 silly publish      'buffer',
17 silly publish      'stream',
17 silly publish      'process',
17 silly publish      'stream' ],
17 silly publish   bugs: { url: 'https://github.com/amitmerchant1990/pretty-email-validator/issues' },
17 silly publish   homepage: 'https://github.com/amitmerchant1990/pretty-email-validator',
17 silly publish   _npmUser: { name: 'amit_merchant', email: 'bullredeyes@gmail.com' },
17 silly publish   maintainers: [ { name: 'amit_merchant', email: 'bullredeyes@gmail.com' } ],
17 silly publish   readme: '# Pretty Email Validator\r\n> Pretty validation for emails\r\n\r\nThis is a small node module which checks for the validity of emails.\r\n\r\n## Install\r\n\r\n```\r\n$ npm install --save pretty-email-validator\r\n```\r\n\r\n## Usage\r\n\r\n```\r\nvar validateEmail = require(\'pretty-email-validator\');\r\n\r\nisEmail = validateEmail(\'test@test.com\');\r\n//=> true\r\n\r\nisEmail = validateEmail(\'test@.com\');\r\n//=> false\r\n```\r\n\r\n## License\r\n\r\nMIT\r\n',
17 silly publish   readmeFilename: 'README.md',
17 silly publish   gitHead: 'e1694648b28562469119b04e344d89252cc4cd61',
17 silly publish   _id: 'pretty-email-validator@1.0.0',
17 silly publish   scripts: {},
17 silly publish   _shasum: '8b540a23ddb59d8f5b0b4ea4b1cf9eacb7381316',
17 silly publish   _from: '.' }
18 verbose getPublishConfig undefined
19 silly mapToRegistry name pretty-email-validator
20 silly mapToRegistry using default registry
21 silly mapToRegistry registry https://registry.npmjs.org/
22 silly mapToRegistry uri https://registry.npmjs.org/pretty-email-validator
23 verbose publish registryBase https://registry.npmjs.org/
24 silly publish uploading C:\Users\MAVEN D-4\AppData\Roaming\npm-cache\pretty-email-validator\1.0.0\package.tgz
25 verbose request uri https://registry.npmjs.org/pretty-email-validator
26 verbose request sending authorization for write operation
27 info attempt registry request try #1 at 2:24:28 PM
28 verbose request using bearer token for auth
29 verbose request id c59ec97bb75b861a
30 http request PUT https://registry.npmjs.org/pretty-email-validator
31 http 403 https://registry.npmjs.org/pretty-email-validator
32 verbose headers { 'content-type': 'application/json',
32 verbose headers   'cache-control': 'max-age=300',
32 verbose headers   'content-length': '128',
32 verbose headers   'accept-ranges': 'bytes',
32 verbose headers   date: 'Fri, 11 Mar 2016 08:54:30 GMT',
32 verbose headers   via: '1.1 varnish',
32 verbose headers   connection: 'keep-alive',
32 verbose headers   'x-served-by': 'cache-sin6926-SIN',
32 verbose headers   'x-cache': 'MISS',
32 verbose headers   'x-cache-hits': '0',
32 verbose headers   'x-timer': 'S1457686469.867838,VS0,VE917' }
33 verbose request invalidating C:\Users\MAVEN D-4\AppData\Roaming\npm-cache\registry.npmjs.org\pretty-email-validator on PUT
34 error publish Failed PUT 403
35 verbose stack Error: "You cannot publish over the previously published version 1.0.0. Try bumping the version to 2.0.0" : pretty-email-validator
35 verbose stack     at makeError (C:\Program Files\nodejs\node_modules\npm\node_modules\npm-registry-client\lib\request.js:264:12)
35 verbose stack     at CachingRegistryClient.<anonymous> (C:\Program Files\nodejs\node_modules\npm\node_modules\npm-registry-client\lib\request.js:252:14)
35 verbose stack     at Request._callback (C:\Program Files\nodejs\node_modules\npm\node_modules\npm-registry-client\lib\request.js:172:14)
35 verbose stack     at Request.self.callback (C:\Program Files\nodejs\node_modules\npm\node_modules\request\request.js:198:22)
35 verbose stack     at emitTwo (events.js:87:13)
35 verbose stack     at Request.emit (events.js:172:7)
35 verbose stack     at Request.<anonymous> (C:\Program Files\nodejs\node_modules\npm\node_modules\request\request.js:1082:10)
35 verbose stack     at emitOne (events.js:82:20)
35 verbose stack     at Request.emit (events.js:169:7)
35 verbose stack     at IncomingMessage.<anonymous> (C:\Program Files\nodejs\node_modules\npm\node_modules\request\request.js:1009:12)
36 verbose statusCode 403
37 verbose pkgid pretty-email-validator
38 verbose cwd D:\Node Workspace\pretty-email-validator
39 error Windows_NT 10.0.10586
40 error argv "C:\\Program Files\\nodejs\\node.exe" "C:\\Program Files\\nodejs\\node_modules\\npm\\bin\\npm-cli.js" "publish"
41 error node v4.2.6
42 error npm  v2.14.12
43 error code E403
44 error "You cannot publish over the previously published version 1.0.0. Try bumping the version to 2.0.0" : pretty-email-validator
45 error If you need help, you may report this error at:
45 error     <https://github.com/npm/npm/issues>
46 verbose exit [ 1, true ]
